[2020-01-04 04:26:47] local.ERROR: View [home] not found. {"exception":"[object] (InvalidArgumentException(code: 0): View [home] not found. at /home/u307858989/domains/klinikliliput.com/public_html/cp/compro-liliput/vendor/laravel/framework/src/Illuminate/View/FileViewFinder.php:137)
[stacktrace]
#0 /home/u307858989/domains/klinikliliput.com/public_html/cp/compro-liliput/vendor/laravel/framework/src/Illuminate/View/FileViewFinder.php(79): Illuminate\\View\\FileViewFinder->findInPaths('home', Array)
#1 /home/u307858989/domains/klinikliliput.com/public_html/cp/compro-liliput/vendor/laravel/framework/src/Illuminate/View/Factory.php(131): Illuminate\\View\\FileViewFinder->find('home')
#2 /home/u307858989/domains/klinikliliput.com/public_html/cp/compro-liliput/vendor/laravel/framework/src/Illuminate/Foundation/helpers.php(975): Illuminate\\View\\Factory->make('home', Array, Array)
#3 /home/u307858989/domains/klinikliliput.com/public_html/cp/compro-liliput/app/Http/Controllers/CompanyProfile.php(26): view('home', Array)
#4 [internal function]: App\\Http\\Controllers\\CompanyProfile->index()
#5 /home/u307858989/domains/klinikliliput.com/public_html/cp/compro-liliput/vendor/laravel/framework/src/Illuminate/Routing/Controller.php(54): call_user_func_array(Array, Array)
#6 /home/u307858989/domains/klinikliliput.com/public_html/cp/compro-liliput/vendor/laravel/framework/src/Illuminate/Routing/ControllerDispatcher.php(45): Illuminate\\Routing\\Controller->callAction('index', Array)
#7 /home/u307858989/domains/klinikliliput.com/public_html/cp/compro-liliput/vendor/laravel/framework/src/Illuminate/Routing/Route.php(219): Illuminate\\Routing\\ControllerDispatcher->dispatch(Object(Illuminate\\Routing\\Route), Object(App\\Http\\Controllers\\CompanyProfile), 'index')
#8 /home/u307858989/domains/klinikliliput.com/public_html/cp/compro-liliput/vendor/laravel/framework/src/Illuminate/Routing/Route.php(176): Illuminate\\Routing\\Route->runController()
#9 /home/u307858989/domains/klinikliliput.com/public_html/cp/compro-liliput/vendor/laravel/framework/src/Illuminate/Routing/Router.php(681): Illuminate\\Routing\\Route->run()
#10 /home/u307858989/domains/klinikliliput.com/public_html/cp/compro-liliput/vendor/laravel/framework/src/Illuminate/Pipeline/Pipeline.php(130): Illuminate\\Routing\\Router->Illuminate\\Routing\\{closure}(Object(Illuminate\\Http\\Request))
#11 /home/u307858989/domains/klinikliliput.com/public_html/cp/compro-liliput/vendor/laravel/framework/src/Illuminate/Routing/Middleware/SubstituteBindings.php(41): Illuminate\\Pipeline\\Pipeline->Illuminate\\Pipeline\\{closure}(Object(Illuminate\\Http\\Request))
#12 /home/u307858989/domains/klinikliliput.com/public_html/cp/compro-liliput/vendor/laravel/framework/src/Illuminate/Pipeline/Pipeline.php(171): Illuminate\\Routing\\Middleware\\SubstituteBindings->handle(Object(Illuminate\\Http\\Request), Object(Closure))
#13 /home/u307858989/domains/klinikliliput.com/public_html/cp/compro-liliput/vendor/laravel/framework/src/Illuminate/Foundation/Http/Middleware/VerifyCsrfToken.php(76): Illuminate\\Pipeline\\Pipeline->Illuminate\\Pipeline\\{closure}(Object(Illuminate\\Http\\Request))
#14 /home/u307858989/domains/klinikliliput.com/public_html/cp/compro-liliput/vendor/laravel/framework/src/Illuminate/Pipeline/Pipeline.php(171): Illuminate\\Foundation\\Http\\Middleware\\VerifyCsrfToken->handle(Object(Illuminate\\Http\\Request), Object(Closure))
#15 /home/u307858989/domains/klinikliliput.com/public_html/cp/compro-liliput/vendor/laravel/framework/src/Illuminate/View/Middleware/ShareErrorsFromSession.php(49): Illuminate\\Pipeline\\Pipeline->Illuminate\\Pipeline\\{closure}(Object(Illuminate\\Http\\Request))
#16 /home/u307858989/domains/klinikliliput.com/public_html/cp/compro-liliput/vendor/laravel/framework/src/Illuminate/Pipeline/Pipeline.php(171): Illuminate\\View\\Middleware\\ShareErrorsFromSession->handle(Object(Illuminate\\Http\\Request), Object(Closure))
#17 /home/u307858989/domains/klinikliliput.com/public_html/cp/compro-liliput/vendor/laravel/framework/src/Illuminate/Session/Middleware/StartSession.php(56): Illuminate\\Pipeline\\Pipeline->Illuminate\\Pipeline\\{closure}(Object(Illuminate\\Http\\Request))
#18 /home/u307858989/domains/klinikliliput.com/public_html/cp/compro-liliput/vendor/laravel/framework/src/Illuminate/Pipeline/Pipeline.php(171): Illuminate\\Session\\Middleware\\StartSession->handle(Object(Illuminate\\Http\\Request), Object(Closure))
#19 /home/u307858989/domains/klinikliliput.com/public_html/cp/compro-liliput/vendor/laravel/framework/src/Illuminate/Cookie/Middleware/AddQueuedCookiesToResponse.php(37): Illuminate\\Pipeline\\Pipeline->Illuminate\\Pipeline\\{closure}(Object(Illuminate\\Http\\Request))
#20 /home/u307858989/domains/klinikliliput.com/public_html/cp/compro-liliput/vendor/laravel/framework/src/Illuminate/Pipeline/Pipeline.php(171): Illuminate\\Cookie\\Middleware\\AddQueuedCookiesToResponse->handle(Object(Illuminate\\Http\\Request), Object(Closure))
#21 /home/u307858989/domains/klinikliliput.com/public_html/cp/compro-liliput/vendor/laravel/framework/src/Illuminate/Cookie/Middleware/EncryptCookies.php(66): Illuminate\\Pipeline\\Pipeline->Illuminate\\Pipeline\\{closure}(Object(Illuminate\\Http\\Request))
#22 /home/u307858989/domains/klinikliliput.com/public_html/cp/compro-liliput/vendor/laravel/framework/src/Illuminate/Pipeline/Pipeline.php(171): Illuminate\\Cookie\\Middleware\\EncryptCookies->handle(Object(Illuminate\\Http\\Request), Object(Closure))
#23 /home/u307858989/domains/klinikliliput.com/public_html/cp/compro-liliput/vendor/laravel/framework/src/Illuminate/Pipeline/Pipeline.php(105): Illuminate\\Pipeline\\Pipeline->Illuminate\\Pipeline\\{closure}(Object(Illuminate\\Http\\Request))
#24 /home/u307858989/domains/klinikliliput.com/public_html/cp/compro-liliput/vendor/laravel/framework/src/Illuminate/Routing/Router.php(683): Illuminate\\Pipeline\\Pipeline->then(Object(Closure))
#25 /home/u307858989/domains/klinikliliput.com/public_html/cp/compro-liliput/vendor/laravel/framework/src/Illuminate/Routing/Router.php(658): Illuminate\\Routing\\Router->runRouteWithinStack(Object(Illuminate\\Routing\\Route), Object(Illuminate\\Http\\Request))
#26 /home/u307858989/domains/klinikliliput.com/public_html/cp/compro-liliput/vendor/laravel/framework/src/Illuminate/Routing/Router.php(624): Illuminate\\Routing\\Router->runRoute(Object(Illuminate\\Http\\Request), Object(Illuminate\\Routing\\Route))
#27 /home/u307858989/domains/klinikliliput.com/public_html/cp/compro-liliput/vendor/laravel/framework/src/Illuminate/Routing/Router.php(613): Illuminate\\Routing\\Router->dispatchToRoute(Object(Illuminate\\Http\\Request))
#28 /home/u307858989/domains/klinikliliput.com/public_html/cp/compro-liliput/vendor/laravel/framework/src/Illuminate/Foundation/Http/Kernel.php(170): Illuminate\\Routing\\Router->dispatch(Object(Illuminate\\Http\\Request))
#29 /home/u307858989/domains/klinikliliput.com/public_html/cp/compro-liliput/vendor/laravel/framework/src/Illuminate/Pipeline/Pipeline.php(130): Illuminate\\Foundation\\Http\\Kernel->Illuminate\\Foundation\\Http\\{closure}(Object(Illuminate\\Http\\Request))
#30 /home/u307858989/domains/klinikliliput.com/public_html/cp/compro-liliput/vendor/laravel/framework/src/Illuminate/Foundation/Http/Middleware/TransformsRequest.php(21): Illuminate\\Pipeline\\Pipeline->Illuminate\\Pipeline\\{closure}(Object(Illuminate\\Http\\Request))
#31 /home/u307858989/domains/klinikliliput.com/public_html/cp/compro-liliput/vendor/laravel/framework/src/Illuminate/Pipeline/Pipeline.php(171): Illuminate\\Foundation\\Http\\Middleware\\TransformsRequest->handle(Object(Illuminate\\Http\\Request), Object(Closure))
#32 /home/u307858989/domains/klinikliliput.com/public_html/cp/compro-liliput/vendor/laravel/framework/src/Illuminate/Foundation/Http/Middleware/TransformsRequest.php(21): Illuminate\\Pipeline\\Pipeline->Illuminate\\Pipeline\\{closure}(Object(Illuminate\\Http\\Request))
#33 /home/u307858989/domains/klinikliliput.com/public_html/cp/compro-liliput/vendor/laravel/framework/src/Illuminate/Pipeline/Pipeline.php(171): Illuminate\\Foundation\\Http\\Middleware\\TransformsRequest->handle(Object(Illuminate\\Http\\Request), Object(Closure))
#34 /home/u307858989/domains/klinikliliput.com/public_html/cp/compro-liliput/vendor/laravel/framework/src/Illuminate/Foundation/Http/Middleware/ValidatePostSize.php(27): Illuminate\\Pipeline\\Pipeline->Illuminate\\Pipeline\\{closure}(Object(Illuminate\\Http\\Request))
#35 /home/u307858989/domains/klinikliliput.com/public_html/cp/compro-liliput/vendor/laravel/framework/src/Illuminate/Pipeline/Pipeline.php(171): Illuminate\\Foundation\\Http\\Middleware\\ValidatePostSize->handle(Object(Illuminate\\Http\\Request), Object(Closure))
#36 /home/u307858989/domains/klinikliliput.com/public_html/cp/compro-liliput/vendor/laravel/framework/src/Illuminate/Foundation/Http/Middleware/CheckForMaintenanceMode.php(62): Illuminate\\Pipeline\\Pipeline->Illuminate\\Pipeline\\{closure}(Object(Illuminate\\Http\\Request))
#37 /home/u307858989/domains/klinikliliput.com/public_html/cp/compro-liliput/vendor/laravel/framework/src/Illuminate/Pipeline/Pipeline.php(171): Illuminate\\Foundation\\Http\\Middleware\\CheckForMaintenanceMode->handle(Object(Illuminate\\Http\\Request), Object(Closure))
#38 /home/u307858989/domains/klinikliliput.com/public_html/cp/compro-liliput/vendor/fideloper/proxy/src/TrustProxies.php(57): Illuminate\\Pipeline\\Pipeline->Illuminate\\Pipeline\\{closure}(Object(Illuminate\\Http\\Request))
#39 /home/u307858989/domains/klinikliliput.com/public_html/cp/compro-liliput/vendor/laravel/framework/src/Illuminate/Pipeline/Pipeline.php(171): Fideloper\\Proxy\\TrustProxies->handle(Object(Illuminate\\Http\\Request), Object(Closure))
#40 /home/u307858989/domains/klinikliliput.com/public_html/cp/compro-liliput/vendor/laravel/framework/src/Illuminate/Pipeline/Pipeline.php(105): Illuminate\\Pipeline\\Pipeline->Illuminate\\Pipeline\\{closure}(Object(Illuminate\\Http\\Request))
#41 /home/u307858989/domains/klinikliliput.com/public_html/cp/compro-liliput/vendor/laravel/framework/src/Illuminate/Foundation/Http/Kernel.php(145): Illuminate\\Pipeline\\Pipeline->then(Object(Closure))
#42 /home/u307858989/domains/klinikliliput.com/public_html/cp/compro-liliput/vendor/laravel/framework/src/Illuminate/Foundation/Http/Kernel.php(110): Illuminate\\Foundation\\Http\\Kernel->sendRequestThroughRouter(Object(Illuminate\\Http\\Request))
#43 /home/u307858989/domains/klinikliliput.com/public_html/cp/index.php(55): Illuminate\\Foundation\\Http\\Kernel->handle(Object(Illuminate\\Http\\Request))
#44 {main}
"} 
[2020-01-04 04:27:10] local.ERROR: View [home] not found. {"exception":"[object] (InvalidArgumentException(code: 0): View [home] not found. at /home/u307858989/domains/klinikliliput.com/public_html/cp/compro-liliput/vendor/laravel/framework/src/Illuminate/View/FileViewFinder.php:137)
[stacktrace]
#0 /home/u307858989/domains/klinikliliput.com/public_html/cp/compro-liliput/vendor/laravel/framework/src/Illuminate/View/FileViewFinder.php(79): Illuminate\\View\\FileViewFinder->findInPaths('home', Array)
#1 /home/u307858989/domains/klinikliliput.com/public_html/cp/compro-liliput/vendor/laravel/framework/src/Illuminate/View/Factory.php(131): Illuminate\\View\\FileViewFinder->find('home')
#2 /home/u307858989/domains/klinikliliput.com/public_html/cp/compro-liliput/vendor/laravel/framework/src/Illuminate/Foundation/helpers.php(975): Illuminate\\View\\Factory->make('home', Array, Array)
#3 /home/u307858989/domains/klinikliliput.com/public_html/cp/compro-liliput/app/Http/Controllers/CompanyProfile.php(26): view('home', Array)
#4 [internal function]: App\\Http\\Controllers\\CompanyProfile->index()
#5 /home/u307858989/domains/klinikliliput.com/public_html/cp/compro-liliput/vendor/laravel/framework/src/Illuminate/Routing/Controller.php(54): call_user_func_array(Array, Array)
#6 /home/u307858989/domains/klinikliliput.com/public_html/cp/compro-liliput/vendor/laravel/framework/src/Illuminate/Routing/ControllerDispatcher.php(45): Illuminate\\Routing\\Controller->callAction('index', Array)
#7 /home/u307858989/domains/klinikliliput.com/public_html/cp/compro-liliput/vendor/laravel/framework/src/Illuminate/Routing/Route.php(219): Illuminate\\Routing\\ControllerDispatcher->dispatch(Object(Illuminate\\Routing\\Route), Object(App\\Http\\Controllers\\CompanyProfile), 'index')
#8 /home/u307858989/domains/klinikliliput.com/public_html/cp/compro-liliput/vendor/laravel/framework/src/Illuminate/Routing/Route.php(176): Illuminate\\Routing\\Route->runController()
#9 /home/u307858989/domains/klinikliliput.com/public_html/cp/compro-liliput/vendor/laravel/framework/src/Illuminate/Routing/Router.php(681): Illuminate\\Routing\\Route->run()
#10 /home/u307858989/domains/klinikliliput.com/public_html/cp/compro-liliput/vendor/laravel/framework/src/Illuminate/Pipeline/Pipeline.php(130): Illuminate\\Routing\\Router->Illuminate\\Routing\\{closure}(Object(Illuminate\\Http\\Request))
#11 /home/u307858989/domains/klinikliliput.com/public_html/cp/compro-liliput/vendor/laravel/framework/src/Illuminate/Routing/Middleware/SubstituteBindings.php(41): Illuminate\\Pipeline\\Pipeline->Illuminate\\Pipeline\\{closure}(Object(Illuminate\\Http\\Request))
#12 /home/u307858989/domains/klinikliliput.com/public_html/cp/compro-liliput/vendor/laravel/framework/src/Illuminate/Pipeline/Pipeline.php(171): Illuminate\\Routing\\Middleware\\SubstituteBindings->handle(Object(Illuminate\\Http\\Request), Object(Closure))
#13 /home/u307858989/domains/klinikliliput.com/public_html/cp/compro-liliput/vendor/laravel/framework/src/Illuminate/Foundation/Http/Middleware/VerifyCsrfToken.php(76): Illuminate\\Pipeline\\Pipeline->Illuminate\\Pipeline\\{closure}(Object(Illuminate\\Http\\Request))
#14 /home/u307858989/domains/klinikliliput.com/public_html/cp/compro-liliput/vendor/laravel/framework/src/Illuminate/Pipeline/Pipeline.php(171): Illuminate\\Foundation\\Http\\Middleware\\VerifyCsrfToken->handle(Object(Illuminate\\Http\\Request), Object(Closure))
#15 /home/u307858989/domains/klinikliliput.com/public_html/cp/compro-liliput/vendor/laravel/framework/src/Illuminate/View/Middleware/ShareErrorsFromSession.php(49): Illuminate\\Pipeline\\Pipeline->Illuminate\\Pipeline\\{closure}(Object(Illuminate\\Http\\Request))
#16 /home/u307858989/domains/klinikliliput.com/public_html/cp/compro-liliput/vendor/laravel/framework/src/Illuminate/Pipeline/Pipeline.php(171): Illuminate\\View\\Middleware\\ShareErrorsFromSession->handle(Object(Illuminate\\Http\\Request), Object(Closure))
#17 /home/u307858989/domains/klinikliliput.com/public_html/cp/compro-liliput/vendor/laravel/framework/src/Illuminate/Session/Middleware/StartSession.php(56): Illuminate\\Pipeline\\Pipeline->Illuminate\\Pipeline\\{closure}(Object(Illuminate\\Http\\Request))
#18 /home/u307858989/domains/klinikliliput.com/public_html/cp/compro-liliput/vendor/laravel/framework/src/Illuminate/Pipeline/Pipeline.php(171): Illuminate\\Session\\Middleware\\StartSession->handle(Object(Illuminate\\Http\\Request), Object(Closure))
#19 /home/u307858989/domains/klinikliliput.com/public_html/cp/compro-liliput/vendor/laravel/framework/src/Illuminate/Cookie/Middleware/AddQueuedCookiesToResponse.php(37): Illuminate\\Pipeline\\Pipeline->Illuminate\\Pipeline\\{closure}(Object(Illuminate\\Http\\Request))
#20 /home/u307858989/domains/klinikliliput.com/public_html/cp/compro-liliput/vendor/laravel/framework/src/Illuminate/Pipeline/Pipeline.php(171): Illuminate\\Cookie\\Middleware\\AddQueuedCookiesToResponse->handle(Object(Illuminate\\Http\\Request), Object(Closure))
#21 /home/u307858989/domains/klinikliliput.com/public_html/cp/compro-liliput/vendor/laravel/framework/src/Illuminate/Cookie/Middleware/EncryptCookies.php(66): Illuminate\\Pipeline\\Pipeline->Illuminate\\Pipeline\\{closure}(Object(Illuminate\\Http\\Request))
#22 /home/u307858989/domains/klinikliliput.com/public_html/cp/compro-liliput/vendor/laravel/framework/src/Illuminate/Pipeline/Pipeline.php(171): Illuminate\\Cookie\\Middleware\\EncryptCookies->handle(Object(Illuminate\\Http\\Request), Object(Closure))
#23 /home/u307858989/domains/klinikliliput.com/public_html/cp/compro-liliput/vendor/laravel/framework/src/Illuminate/Pipeline/Pipeline.php(105): Illuminate\\Pipeline\\Pipeline->Illuminate\\Pipeline\\{closure}(Object(Illuminate\\Http\\Request))
#24 /home/u307858989/domains/klinikliliput.com/public_html/cp/compro-liliput/vendor/laravel/framework/src/Illuminate/Routing/Router.php(683): Illuminate\\Pipeline\\Pipeline->then(Object(Closure))
#25 /home/u307858989/domains/klinikliliput.com/public_html/cp/compro-liliput/vendor/laravel/framework/src/Illuminate/Routing/Router.php(658): Illuminate\\Routing\\Router->runRouteWithinStack(Object(Illuminate\\Routing\\Route), Object(Illuminate\\Http\\Request))
#26 /home/u307858989/domains/klinikliliput.com/public_html/cp/compro-liliput/vendor/laravel/framework/src/Illuminate/Routing/Router.php(624): Illuminate\\Routing\\Router->runRoute(Object(Illuminate\\Http\\Request), Object(Illuminate\\Routing\\Route))
#27 /home/u307858989/domains/klinikliliput.com/public_html/cp/compro-liliput/vendor/laravel/framework/src/Illuminate/Routing/Router.php(613): Illuminate\\Routing\\Router->dispatchToRoute(Object(Illuminate\\Http\\Request))
#28 /home/u307858989/domains/klinikliliput.com/public_html/cp/compro-liliput/vendor/laravel/framework/src/Illuminate/Foundation/Http/Kernel.php(170): Illuminate\\Routing\\Router->dispatch(Object(Illuminate\\Http\\Request))
#29 /home/u307858989/domains/klinikliliput.com/public_html/cp/compro-liliput/vendor/laravel/framework/src/Illuminate/Pipeline/Pipeline.php(130): Illuminate\\Foundation\\Http\\Kernel->Illuminate\\Foundation\\Http\\{closure}(Object(Illuminate\\Http\\Request))
#30 /home/u307858989/domains/klinikliliput.com/public_html/cp/compro-liliput/vendor/laravel/framework/src/Illuminate/Foundation/Http/Middleware/TransformsRequest.php(21): Illuminate\\Pipeline\\Pipeline->Illuminate\\Pipeline\\{closure}(Object(Illuminate\\Http\\Request))
#31 /home/u307858989/domains/klinikliliput.com/public_html/cp/compro-liliput/vendor/laravel/framework/src/Illuminate/Pipeline/Pipeline.php(171): Illuminate\\Foundation\\Http\\Middleware\\TransformsRequest->handle(Object(Illuminate\\Http\\Request), Object(Closure))
#32 /home/u307858989/domains/klinikliliput.com/public_html/cp/compro-liliput/vendor/laravel/framework/src/Illuminate/Foundation/Http/Middleware/TransformsRequest.php(21): Illuminate\\Pipeline\\Pipeline->Illuminate\\Pipeline\\{closure}(Object(Illuminate\\Http\\Request))
#33 /home/u307858989/domains/klinikliliput.com/public_html/cp/compro-liliput/vendor/laravel/framework/src/Illuminate/Pipeline/Pipeline.php(171): Illuminate\\Foundation\\Http\\Middleware\\TransformsRequest->handle(Object(Illuminate\\Http\\Request), Object(Closure))
#34 /home/u307858989/domains/klinikliliput.com/public_html/cp/compro-liliput/vendor/laravel/framework/src/Illuminate/Foundation/Http/Middleware/ValidatePostSize.php(27): Illuminate\\Pipeline\\Pipeline->Illuminate\\Pipeline\\{closure}(Object(Illuminate\\Http\\Request))
#35 /home/u307858989/domains/klinikliliput.com/public_html/cp/compro-liliput/vendor/laravel/framework/src/Illuminate/Pipeline/Pipeline.php(171): Illuminate\\Foundation\\Http\\Middleware\\ValidatePostSize->handle(Object(Illuminate\\Http\\Request), Object(Closure))
#36 /home/u307858989/domains/klinikliliput.com/public_html/cp/compro-liliput/vendor/laravel/framework/src/Illuminate/Foundation/Http/Middleware/CheckForMaintenanceMode.php(62): Illuminate\\Pipeline\\Pipeline->Illuminate\\Pipeline\\{closure}(Object(Illuminate\\Http\\Request))
#37 /home/u307858989/domains/klinikliliput.com/public_html/cp/compro-liliput/vendor/laravel/framework/src/Illuminate/Pipeline/Pipeline.php(171): Illuminate\\Foundation\\Http\\Middleware\\CheckForMaintenanceMode->handle(Object(Illuminate\\Http\\Request), Object(Closure))
#38 /home/u307858989/domains/klinikliliput.com/public_html/cp/compro-liliput/vendor/fideloper/proxy/src/TrustProxies.php(57): Illuminate\\Pipeline\\Pipeline->Illuminate\\Pipeline\\{closure}(Object(Illuminate\\Http\\Request))
#39 /home/u307858989/domains/klinikliliput.com/public_html/cp/compro-liliput/vendor/laravel/framework/src/Illuminate/Pipeline/Pipeline.php(171): Fideloper\\Proxy\\TrustProxies->handle(Object(Illuminate\\Http\\Request), Object(Closure))
#40 /home/u307858989/domains/klinikliliput.com/public_html/cp/compro-liliput/vendor/laravel/framework/src/Illuminate/Pipeline/Pipeline.php(105): Illuminate\\Pipeline\\Pipeline->Illuminate\\Pipeline\\{closure}(Object(Illuminate\\Http\\Request))
#41 /home/u307858989/domains/klinikliliput.com/public_html/cp/compro-liliput/vendor/laravel/framework/src/Illuminate/Foundation/Http/Kernel.php(145): Illuminate\\Pipeline\\Pipeline->then(Object(Closure))
#42 /home/u307858989/domains/klinikliliput.com/public_html/cp/compro-liliput/vendor/laravel/framework/src/Illuminate/Foundation/Http/Kernel.php(110): Illuminate\\Foundation\\Http\\Kernel->sendRequestThroughRouter(Object(Illuminate\\Http\\Request))
#43 /home/u307858989/domains/klinikliliput.com/public_html/cp/index.php(55): Illuminate\\Foundation\\Http\\Kernel->handle(Object(Illuminate\\Http\\Request))
#44 {main}
"} 
